
/home/runner/work/exp-populations-f-test-iitb/exp-populations-f-test-iitb/experiment/simulation/common_libraries/js/ts_components/collapse_step.js
   1:10  warning  'show_step' is defined but never used                 no-unused-vars
   2:5   warning  '$' is not defined                                    no-undef
   3:9   warning  '$' is not defined                                    no-undef
   6:10  warning  'hide_step' is defined but never used                 no-unused-vars
   7:5   warning  '$' is not defined                                    no-undef
   8:9   warning  '$' is not defined                                    no-undef
  11:10  warning  'get_collapse_btn_text' is defined but never used     no-unused-vars
  20:10  warning  'get_collapse_btn_element' is defined but never used  no-unused-vars
  29:10  warning  'hide_all_steps' is defined but never used            no-unused-vars
  31:9   warning  '$' is not defined                                    no-undef

/home/runner/work/exp-populations-f-test-iitb/exp-populations-f-test-iitb/experiment/simulation/common_libraries/js/ts_components/matrix.js
   27:26  warning  'MathJax' is not defined                                no-undef
   32:7   warning  'Matrix_Without_String' is defined but never used       no-unused-vars
   52:26  warning  'MathJax' is not defined                                no-undef
   56:10  warning  'get_matrix_html' is defined but never used             no-unused-vars
   87:13  warning  'row_html' is assigned a value but never used           no-unused-vars
   99:10  warning  'get_matrix_html_with_title' is defined but never used  no-unused-vars
  131:13  warning  'row_html' is assigned a value but never used           no-unused-vars
  143:10  warning  'convert_2d_to_1d_vector' is defined but never used     no-unused-vars
  156:10  warning  'convert_1d_to_2d_matrix' is defined but never used     no-unused-vars

/home/runner/work/exp-populations-f-test-iitb/exp-populations-f-test-iitb/experiment/simulation/common_libraries/js/ts_components/pannel.js
  8:7  warning  'Pannel' is defined but never used  no-unused-vars

/home/runner/work/exp-populations-f-test-iitb/exp-populations-f-test-iitb/experiment/simulation/common_libraries/js/ts_components/questions.js
   6:17  warning  'op1' is assigned a value but never used      no-unused-vars
   7:17  warning  'op2' is assigned a value but never used      no-unused-vars
   8:17  warning  'op3' is assigned a value but never used      no-unused-vars
   9:17  warning  'op4' is assigned a value but never used      no-unused-vars
  94:7   warning  'Question_Options' is defined but never used  no-unused-vars

/home/runner/work/exp-populations-f-test-iitb/exp-populations-f-test-iitb/experiment/simulation/common_libraries/js/ts_components/tables.js
   19:22  warning  'verify_values' is not defined                                     no-undef
  137:22  warning  'verify_values' is not defined                                     no-undef
  260:7   warning  'Verify_Rows_Cols_6_decimal_places' is defined but never used      no-unused-vars
  311:22  warning  'verify_values' is not defined                                     no-undef
  416:7   warning  'Verify_Rows_Cols_Custom_Fixed_Update1' is defined but never used  no-unused-vars
  468:7   warning  'Show_Table_Custom_Fixed' is defined but never used                no-unused-vars
  506:7   warning  'Verify_Rows_Cols_Strings' is defined but never used               no-unused-vars
  527:22  warning  'verify_values' is not defined                                     no-undef
  663:7   warning  'Display_Table' is defined but never used                          no-unused-vars

/home/runner/work/exp-populations-f-test-iitb/exp-populations-f-test-iitb/experiment/simulation/common_libraries/js/ts_math_library/general_math_functions.js
    1:10  warning  'verify_values' is defined but never used                   no-unused-vars
   17:10  warning  'random1' is defined but never used                         no-unused-vars
   21:10  warning  'std_deviation' is defined but never used                   no-unused-vars
   26:10  warning  'gauss' is defined but never used                           no-unused-vars
   56:10  warning  'hide_panel' is defined but never used                      no-unused-vars
   63:10  warning  'inverse_matrix' is defined but never used                  no-unused-vars
   96:10  warning  'matrix_multiplication' is defined but never used           no-unused-vars
  113:10  warning  'transpose_matrix' is defined but never used                no-unused-vars
  123:10  warning  'matrix_multiplication_8decimal' is defined but never used  no-unused-vars
  140:10  warning  'adjoint_2x2_matrix' is defined but never used              no-unused-vars
  145:10  warning  'find_deteminant' is defined but never used                 no-unused-vars
  174:10  warning  'get_Submatrix' is defined but never used                   no-unused-vars

/home/runner/work/exp-populations-f-test-iitb/exp-populations-f-test-iitb/experiment/simulation/common_libraries/js/ts_math_library/regression.js
   1:10  warning  'regression_linear' is defined but never used            no-unused-vars
  18:10  warning  'regression_linear_1variable' is defined but never used  no-unused-vars
  27:10  warning  'regression_linear_2variable' is defined but never used  no-unused-vars
  52:11  warning  'gauss' is not defined                                   no-undef

/home/runner/work/exp-populations-f-test-iitb/exp-populations-f-test-iitb/experiment/simulation/common_libraries/math.ob.js
  1:745  warning  'b' is already defined  no-redeclare

/home/runner/work/exp-populations-f-test-iitb/exp-populations-f-test-iitb/experiment/simulation/js/activity1.js
   18:24  warning  'MathJax' is not defined                      no-undef
   26:20  warning  'get_collapse_btn_text' is not defined        no-undef
   43:5   warning  'hide_all_steps' is not defined               no-undef
   45:25  warning  'n1' is not defined                           no-undef
   49:19  warning  'Show_Table' is not defined                   no-undef
   49:40  warning  'x1' is not defined                           no-undef
   52:25  warning  'n2' is not defined                           no-undef
   56:20  warning  'Show_Table' is not defined                   no-undef
   56:41  warning  'x2' is not defined                           no-undef
   58:24  warning  'show_step' is not defined                    no-undef
   59:24  warning  'MathJax' is not defined                      no-undef
   61:10  warning  'generate_a1_data' is defined but never used  no-unused-vars
   65:5   warning  'x1' is not defined                           no-undef
   66:5   warning  'x2' is not defined                           no-undef
   67:25  warning  'n1' is not defined                           no-undef
   69:9   warning  'x1' is not defined                           no-undef
   71:25  warning  'n2' is not defined                           no-undef
   73:9   warning  'x2' is not defined                           no-undef
   75:25  warning  'n1' is not defined                           no-undef
   76:25  warning  'n2' is not defined                           no-undef
   77:33  warning  'x1' is not defined                           no-undef
   78:33  warning  'x2' is not defined                           no-undef
   82:5   warning  'x1_bar' is not defined                       no-undef
   83:5   warning  'x2_bar' is not defined                       no-undef
   84:25  warning  'x1' is not defined                           no-undef
   85:9   warning  'x1_bar' is not defined                       no-undef
   85:19  warning  'x1' is not defined                           no-undef
   87:25  warning  'x2' is not defined                           no-undef
   88:9   warning  'x2_bar' is not defined                       no-undef
   88:19  warning  'x2' is not defined                           no-undef
   90:5   warning  'x1_bar' is not defined                       no-undef
   90:14  warning  'x1_bar' is not defined                       no-undef
   90:23  warning  'n1' is not defined                           no-undef
   91:5   warning  'x2_bar' is not defined                       no-undef
   91:14  warning  'x2_bar' is not defined                       no-undef
   91:23  warning  'n2' is not defined                           no-undef
   92:30  warning  'x1_bar' is not defined                       no-undef
   92:51  warning  'x2_bar' is not defined                       no-undef
   96:5   warning  'sample_variance_1' is not defined            no-undef
   97:5   warning  'sample_variance_2' is not defined            no-undef
   98:25  warning  'n1' is not defined                           no-undef
   99:9   warning  'sample_variance_1' is not defined            no-undef
   99:41  warning  'x1' is not defined                           no-undef
   99:49  warning  'x1_bar' is not defined                       no-undef
  101:25  warning  'n2' is not defined                           no-undef
  102:9   warning  'sample_variance_2' is not defined            no-undef
  102:41  warning  'x2' is not defined                           no-undef
  102:49  warning  'x2_bar' is not defined                       no-undef
  104:5   warning  'sample_variance_1' is not defined            no-undef
  104:25  warning  'sample_variance_1' is not defined            no-undef
  104:46  warning  'n1' is not defined                           no-undef
  105:5   warning  'sample_variance_2' is not defined            no-undef
  105:25  warning  'sample_variance_2' is not defined            no-undef
  105:46  warning  'n2' is not defined                           no-undef
  106:28  warning  'sample_variance_1' is not defined            no-undef
  106:58  warning  'sample_variance_2' is not defined            no-undef
  107:9   warning  'sample_variance_1' is not defined            no-undef
  107:29  warning  'sample_variance_2' is not defined            no-undef
  110:9   warning  'res' is assigned a value but never used      no-unused-vars
  116:25  warning  'n1' is not defined                           no-undef
  117:20  warning  'x1' is not defined                           no-undef
  119:5   warning  'x1' is not defined                           no-undef
  119:10  warning  'x2' is not defined                           no-undef
  120:5   warning  'x2' is not defined                           no-undef
  121:27  warning  'x1' is not defined                           no-undef
  122:27  warning  'x2' is not defined                           no-undef
  124:17  warning  'sample_variance_1' is not defined            no-undef
  125:5   warning  'sample_variance_1' is not defined            no-undef
  125:25  warning  'sample_variance_2' is not defined            no-undef
  126:5   warning  'sample_variance_2' is not defined            no-undef
  127:29  warning  'sample_variance_1' is not defined            no-undef
  128:29  warning  'sample_variance_2' is not defined            no-undef
  130:17  warning  'n1' is not defined                           no-undef
  131:5   warning  'n1' is not defined                           no-undef
  131:10  warning  'n2' is not defined                           no-undef
  132:5   warning  'n2' is not defined                           no-undef
  133:27  warning  'n1' is not defined                           no-undef
  134:27  warning  'n2' is not defined                           no-undef
  137:61  warning  'sample_variance_1' is not defined            no-undef
  137:81  warning  'sample_variance_2' is not defined            no-undef
  139:5   warning  'calculated_z' is not defined                 no-undef
  139:20  warning  'sample_variance_1' is not defined            no-undef
  139:40  warning  'sample_variance_2' is not defined            no-undef
  140:12  warning  'sample_variance_1' is not defined            no-undef
  140:32  warning  'sample_variance_2' is not defined            no-undef

/home/runner/work/exp-populations-f-test-iitb/exp-populations-f-test-iitb/experiment/simulation/js/activity1_p2.js
   1:10  warning  'activity1_p2' is defined but never used    no-unused-vars
   2:19  warning  'get_collapse_btn_text' is not defined      no-undef
   3:5   warning  'maindiv' is not defined                    no-undef
  34:5   warning  'hide_all_steps' is not defined             no-undef
  35:24  warning  'show_step' is not defined                  no-undef
  36:24  warning  'MathJax' is not defined                    no-undef
  38:10  warning  'verify_avg_sum' is defined but never used  no-unused-vars
  48:17  warning  'x1_bar' is not defined                     no-undef
  48:25  warning  'x2_bar' is not defined                     no-undef
  48:33  warning  'sample_variance_1' is not defined          no-undef
  48:52  warning  'sample_variance_2' is not defined          no-undef
  49:10  warning  'verify_values' is not defined              no-undef
  49:48  warning  'x1_bar' is not defined                     no-undef
  53:10  warning  'verify_values' is not defined              no-undef
  53:48  warning  'x2_bar' is not defined                     no-undef
  57:10  warning  'verify_values' is not defined              no-undef
  57:48  warning  'sample_variance_1' is not defined          no-undef
  61:10  warning  'verify_values' is not defined              no-undef
  61:48  warning  'sample_variance_2' is not defined          no-undef
  70:21  warning  'x1_bar' is not defined                     no-undef
  71:21  warning  'x2_bar' is not defined                     no-undef
  72:21  warning  'sample_variance_1' is not defined          no-undef
  73:21  warning  'sample_variance_2' is not defined          no-undef
  81:5   warning  'activity1_p3' is not defined               no-undef

/home/runner/work/exp-populations-f-test-iitb/exp-populations-f-test-iitb/experiment/simulation/js/activity1_p3.js
    1:10  warning  'activity1_p3' is defined but never used          no-unused-vars
    2:19  warning  'get_collapse_btn_text' is not defined            no-undef
    3:5   warning  'maindiv' is not defined                          no-undef
   44:32  warning  'f_distribution_data' is not defined              no-undef
   48:13  warning  'st' is assigned a value but never used           no-unused-vars
   51:14  warning  'f_distribution_data' is not defined              no-undef
   52:14  warning  'f_distribution_data' is not defined              no-undef
   53:14  warning  'f_distribution_data' is not defined              no-undef
   54:14  warning  'f_distribution_data' is not defined              no-undef
   55:14  warning  'f_distribution_data' is not defined              no-undef
   56:14  warning  'f_distribution_data' is not defined              no-undef
   57:14  warning  'f_distribution_data' is not defined              no-undef
   58:14  warning  'f_distribution_data' is not defined              no-undef
   59:14  warning  'f_distribution_data' is not defined              no-undef
   60:14  warning  'f_distribution_data' is not defined              no-undef
   61:14  warning  'f_distribution_data' is not defined              no-undef
   62:14  warning  'f_distribution_data' is not defined              no-undef
   63:14  warning  'f_distribution_data' is not defined              no-undef
   64:14  warning  'f_distribution_data' is not defined              no-undef
   65:14  warning  'f_distribution_data' is not defined              no-undef
   66:14  warning  'f_distribution_data' is not defined              no-undef
   67:14  warning  'f_distribution_data' is not defined              no-undef
   68:14  warning  'f_distribution_data' is not defined              no-undef
   69:14  warning  'f_distribution_data' is not defined              no-undef
   70:14  warning  'f_distribution_data' is not defined              no-undef
   75:25  warning  'Display_Table' is not defined                    no-undef
   77:5   warning  'hide_all_steps' is not defined                   no-undef
   78:24  warning  'show_step' is not defined                        no-undef
   79:24  warning  'MathJax' is not defined                          no-undef
   81:10  warning  'verify_threshold_div' is defined but never used  no-unused-vars
   82:19  warning  'get_collapse_btn_text' is not defined            no-undef
   83:5   warning  'maindiv' is not defined                          no-undef
  104:5   warning  'hide_all_steps' is not defined                   no-undef
  105:24  warning  'show_step' is not defined                        no-undef
  106:24  warning  'MathJax' is not defined                          no-undef
  110:5   warning  'f_lower_limit' is not defined                    no-undef
  111:5   warning  'f_upper_limit' is not defined                    no-undef
  113:18  warning  'n1' is not defined                               no-undef
  114:18  warning  'n2' is not defined                               no-undef
  115:5   warning  'f_upper_limit' is not defined                    no-undef
  115:21  warning  'f_distribution_data' is not defined              no-undef
  116:5   warning  'f_lower_limit' is not defined                    no-undef
  116:22  warning  'f_upper_limit' is not defined                    no-undef
  117:41  warning  'f_lower_limit' is not defined                    no-undef
  117:59  warning  'f_upper_limit' is not defined                    no-undef
  119:9   warning  'calculated_z' is not defined                     no-undef
  119:25  warning  'f_lower_limit' is not defined                    no-undef
  119:42  warning  'calculated_z' is not defined                     no-undef
  119:58  warning  'f_upper_limit' is not defined                    no-undef
  120:9   warning  'hypothesis_passed' is not defined                no-undef
  123:9   warning  'hypothesis_passed' is not defined                no-undef
  126:10  warning  'verify_t_vals' is defined but never used         no-unused-vars
  132:17  warning  'f_lower_limit' is not defined                    no-undef
  132:32  warning  'f_upper_limit' is not defined                    no-undef
  133:10  warning  'verify_values' is not defined                    no-undef
  133:48  warning  'f_lower_limit' is not defined                    no-undef
  137:10  warning  'verify_values' is not defined                    no-undef
  137:48  warning  'f_upper_limit' is not defined                    no-undef
  144:21  warning  'f_lower_limit' is not defined                    no-undef
  145:21  warning  'f_upper_limit' is not defined                    no-undef
  151:5   warning  'activity1_p4' is not defined                     no-undef

/home/runner/work/exp-populations-f-test-iitb/exp-populations-f-test-iitb/experiment/simulation/js/activity1_p4.js
   1:10   warning  'activity1_p4' is defined but never used  no-unused-vars
   2:19   warning  'get_collapse_btn_text' is not defined    no-undef
   3:5    warning  'maindiv' is not defined                  no-undef
  23:5    warning  'hide_all_steps' is not defined           no-undef
  24:24   warning  'show_step' is not defined                no-undef
  25:24   warning  'MathJax' is not defined                  no-undef
  27:10   warning  'verify_st' is defined but never used     no-unused-vars
  31:17   warning  'calculated_z' is not defined             no-undef
  32:10   warning  'verify_values' is not defined            no-undef
  32:48   warning  'calculated_z' is not defined             no-undef
  38:21   warning  'calculated_z' is not defined             no-undef
  49:19   warning  'get_collapse_btn_text' is not defined    no-undef
  50:5    warning  'maindiv' is not defined                  no-undef
  59:28   warning  'Updated_Question' is not defined         no-undef
  59:127  warning  'hypothesis_passed' is not defined        no-undef
  60:24   warning  'MathJax' is not defined                  no-undef
  61:5    warning  'hide_all_steps' is not defined           no-undef
  62:24   warning  'show_step' is not defined                no-undef

/home/runner/work/exp-populations-f-test-iitb/exp-populations-f-test-iitb/experiment/simulation/js/data.js
  151:5   warning  'x1' is defined but never used                          no-unused-vars
  152:5   warning  'x2' is defined but never used                          no-unused-vars
  153:5   warning  'x1_bar' is assigned a value but never used             no-unused-vars
  154:5   warning  'x2_bar' is assigned a value but never used             no-unused-vars
  155:5   warning  'sample_variance_1' is assigned a value but never used  no-unused-vars
  156:5   warning  'sample_variance_2' is assigned a value but never used  no-unused-vars
  157:5   warning  'f_lower_limit' is assigned a value but never used      no-unused-vars
  158:5   warning  'f_upper_limit' is assigned a value but never used      no-unused-vars
  159:5   warning  'hypothesis_passed' is assigned a value but never used  no-unused-vars
  160:5   warning  'calculated_z' is assigned a value but never used       no-unused-vars
  161:10  warning  'extrapolate' is defined but never used                 no-unused-vars

/home/runner/work/exp-populations-f-test-iitb/exp-populations-f-test-iitb/experiment/simulation/js/f_table.js
  1:5  warning  'f_distribution_data' is assigned a value but never used  no-unused-vars

/home/runner/work/exp-populations-f-test-iitb/exp-populations-f-test-iitb/experiment/simulation/js/screen_size.js
  1:10  warning  'set_screen_size' is defined but never used  no-unused-vars

✖ 252 problems (0 errors, 252 warnings)

